<?xml version="1.0" encoding="UTF-8"?>
<!-- Generated by org.testng.reporters.JUnitReportReporter -->
<testsuite hostname="Vigneshs-MacBook-Pro.local" failures="0" tests="6" name="testLayer.TestClass" time="15.457" errors="0" timestamp="2024-09-16T21:19:40 PDT" skipped="0">
  <testcase classname="testLayer.TestClass" name="test5" time="3.873"/>
  <system-out/>
  <testcase classname="testLayer.TestClass" name="test6" time="2.113"/>
  <system-out/>
  <testcase classname="testLayer.TestClass" name="test4" time="2.101"/>
  <system-out/>
  <testcase classname="testLayer.TestClass" name="test1" time="2.198"/>
  <system-out/>
  <testcase classname="testLayer.TestClass" name="test2" time="2.679"/>
  <system-out/>
  <testcase classname="testLayer.TestClass" name="test3" time="2.493"/>
  <system-out/>
</testsuite> <!-- testLayer.TestClass -->
